d:\extension\tfs source\misc\crack-dzh\dzhdeath\cppclient\debug\cppclient.pch
d:\extension\tfs source\misc\crack-dzh\dzhdeath\cppclient\debug\vc140.pdb
d:\extension\tfs source\misc\crack-dzh\dzhdeath\cppclient\debug\vc140.idb
d:\extension\tfs source\misc\crack-dzh\dzhdeath\cppclient\debug\stdafx.obj
d:\extension\tfs source\misc\crack-dzh\dzhdeath\cppclient\debug\cppclient.obj
d:\extension\tfs source\misc\crack-dzh\dzhdeath\cppclient\debug\packageexactor.obj
d:\extension\tfs source\misc\crack-dzh\dzhdeath\cppclient\debug\cppclient.obj.enc
d:\extension\tfs source\misc\crack-dzh\dzhdeath\debug\cppclient.pdb
d:\extension\tfs source\misc\crack-dzh\dzhdeath\cppclient\debug\cppclient.tlog\cl.command.1.tlog
d:\extension\tfs source\misc\crack-dzh\dzhdeath\cppclient\debug\cppclient.tlog\cl.read.1.tlog
d:\extension\tfs source\misc\crack-dzh\dzhdeath\cppclient\debug\cppclient.tlog\cl.write.1.tlog
d:\extension\tfs source\misc\crack-dzh\dzhdeath\cppclient\debug\cppclient.tlog\link-cvtres.read.1.tlog
d:\extension\tfs source\misc\crack-dzh\dzhdeath\cppclient\debug\cppclient.tlog\link-cvtres.write.1.tlog
d:\extension\tfs source\misc\crack-dzh\dzhdeath\cppclient\debug\cppclient.tlog\link-rc.read.1.tlog
d:\extension\tfs source\misc\crack-dzh\dzhdeath\cppclient\debug\cppclient.tlog\link-rc.write.1.tlog
d:\extension\tfs source\misc\crack-dzh\dzhdeath\cppclient\debug\cppclient.tlog\link.48924-cvtres.read.1.tlog
d:\extension\tfs source\misc\crack-dzh\dzhdeath\cppclient\debug\cppclient.tlog\link.48924-cvtres.write.1.tlog
d:\extension\tfs source\misc\crack-dzh\dzhdeath\cppclient\debug\cppclient.tlog\link.48924-rc.read.1.tlog
d:\extension\tfs source\misc\crack-dzh\dzhdeath\cppclient\debug\cppclient.tlog\link.48924-rc.write.1.tlog
d:\extension\tfs source\misc\crack-dzh\dzhdeath\cppclient\debug\cppclient.tlog\link.48924.read.1.tlog
d:\extension\tfs source\misc\crack-dzh\dzhdeath\cppclient\debug\cppclient.tlog\link.48924.write.1.tlog
d:\extension\tfs source\misc\crack-dzh\dzhdeath\cppclient\debug\cppclient.tlog\link.command.1.tlog
d:\extension\tfs source\misc\crack-dzh\dzhdeath\cppclient\debug\cppclient.tlog\link.read.1.tlog
d:\extension\tfs source\misc\crack-dzh\dzhdeath\cppclient\debug\cppclient.tlog\link.write.1.tlog
